08:41:40  INFO      scraper.main                    🔍 Initiating dynamic source discovery phase across 4 networks...
08:41:40  INFO      scraper.company_discovery       🌐 Sourcing corporate targets directly via YC Hub: https://www.ycombinator.com/companies?isHiring=true&sortBy=top&batch=&top_company=false
08:42:20  INFO      scraper.company_discovery          ↳ Core structural interface parsing hit: Found 220 raw data blocks.
08:42:24  INFO      scraper.company_discovery       📊 Filtering finalized. Retained 100 clean records exceeding $4,000,000.
08:42:24  INFO      scraper.main                    🚀 Launching Master Talent Intelligence Processing Loop...
08:42:24  INFO      scraper.main                    📋 Ingested 100 target profiles from the ingestion pool.
08:42:24  INFO      scraper.main                    🌐 Spinning up Chromium Instance (Headless=True)
08:42:24  INFO      scraper.main                    🔄 [1/100] Processing Data Sweep -> 'BillionToOne'
08:42:24  INFO      scraper.main                    ✨ [1/100] Synchronized updates finalized for 'BillionToOne'
08:42:24  INFO      scraper.main                    🔄 [2/100] Processing Data Sweep -> 'Mason'
08:42:24  INFO      scraper.main                    ✨ [2/100] Synchronized updates finalized for 'Mason'
08:42:24  INFO      scraper.main                    🔄 [3/100] Processing Data Sweep -> 'Tovala'
08:42:24  INFO      scraper.main                    ✨ [3/100] Synchronized updates finalized for 'Tovala'
08:42:24  INFO      scraper.main                    🔄 [4/100] Processing Data Sweep -> 'iSono Health'
08:42:24  INFO      scraper.main                    ✨ [4/100] Synchronized updates finalized for 'iSono Health'
08:42:24  INFO      scraper.main                    🔄 [5/100] Processing Data Sweep -> 'Deepgram'
08:42:24  INFO      scraper.main                    ✨ [5/100] Synchronized updates finalized for 'Deepgram'
08:42:24  INFO      scraper.main                    🔄 [6/100] Processing Data Sweep -> 'SOUNDBOKS'
08:42:24  INFO      scraper.main                    ✨ [6/100] Synchronized updates finalized for 'SOUNDBOKS'
08:42:24  INFO      scraper.main                    🔄 [7/100] Processing Data Sweep -> 'Lattice'
08:42:24  INFO      scraper.main                    ✨ [7/100] Synchronized updates finalized for 'Lattice'
08:42:24  INFO      scraper.main                    🔄 [8/100] Processing Data Sweep -> 'Mux'
08:42:24  INFO      scraper.main                    ✨ [8/100] Synchronized updates finalized for 'Mux'
08:42:24  INFO      scraper.main                    🔄 [9/100] Processing Data Sweep -> 'Human Interest'
08:42:24  INFO      scraper.main                    ✨ [9/100] Synchronized updates finalized for 'Human Interest'
08:42:24  INFO      scraper.main                    🔄 [10/100] Processing Data Sweep -> 'Eight Sleep'
08:42:24  INFO      scraper.main                    ✨ [10/100] Synchronized updates finalized for 'Eight Sleep'
08:42:24  INFO      scraper.main                    🔄 [11/100] Processing Data Sweep -> 'Instawork'
08:42:24  INFO      scraper.main                    ✨ [11/100] Synchronized updates finalized for 'Instawork'
08:42:24  INFO      scraper.main                    🔄 [12/100] Processing Data Sweep -> 'Bitmovin'
08:42:24  INFO      scraper.main                    ✨ [12/100] Synchronized updates finalized for 'Bitmovin'
08:42:24  INFO      scraper.main                    🔄 [13/100] Processing Data Sweep -> 'Xendit'
08:42:24  INFO      scraper.main                    ✨ [13/100] Synchronized updates finalized for 'Xendit'
08:42:24  INFO      scraper.main                    🔄 [14/100] Processing Data Sweep -> 'Shape (ShapeScale)'
08:42:24  INFO      scraper.main                    ✨ [14/100] Synchronized updates finalized for 'Shape (ShapeScale)'
08:42:24  INFO      scraper.main                    🔄 [15/100] Processing Data Sweep -> 'Circle Medical'
08:42:24  INFO      scraper.main                    ✨ [15/100] Synchronized updates finalized for 'Circle Medical'
08:42:24  INFO      scraper.main                    🔄 [16/100] Processing Data Sweep -> 'GiveCampus'
08:42:24  INFO      scraper.main                    ✨ [16/100] Synchronized updates finalized for 'GiveCampus'
08:42:24  INFO      scraper.main                    🔄 [17/100] Processing Data Sweep -> 'Drip CapitalMH'
08:42:24  INFO      scraper.main                    ✨ [17/100] Synchronized updates finalized for 'Drip CapitalMH'
08:42:24  INFO      scraper.main                    🔄 [18/100] Processing Data Sweep -> 'Verge Genomics'
08:42:24  INFO      scraper.main                    ✨ [18/100] Synchronized updates finalized for 'Verge Genomics'
08:42:24  INFO      scraper.main                    🔄 [19/100] Processing Data Sweep -> 'AgileMD'
08:42:24  INFO      scraper.main                    ✨ [19/100] Synchronized updates finalized for 'AgileMD'
08:42:24  INFO      scraper.main                    🔄 [20/100] Processing Data Sweep -> 'Reach'
08:42:24  INFO      scraper.main                    ✨ [20/100] Synchronized updates finalized for 'Reach'
08:42:24  INFO      scraper.main                    🔄 [21/100] Processing Data Sweep -> 'Branch8'
08:42:24  INFO      scraper.main                    ✨ [21/100] Synchronized updates finalized for 'Branch8'
08:42:24  INFO      scraper.main                    🔄 [22/100] Processing Data Sweep -> 'Heroic Labs'
08:42:24  INFO      scraper.main                    ✨ [22/100] Synchronized updates finalized for 'Heroic Labs'
08:42:24  INFO      scraper.main                    🔄 [23/100] Processing Data Sweep -> 'SnapMagic'
08:42:24  INFO      scraper.main                    ✨ [23/100] Synchronized updates finalized for 'SnapMagic'
08:42:24  INFO      scraper.main                    🔄 [24/100] Processing Data Sweep -> 'Scope AR'
08:42:24  INFO      scraper.main                    ✨ [24/100] Synchronized updates finalized for 'Scope AR'
08:42:24  INFO      scraper.main                    🔄 [25/100] Processing Data Sweep -> 'Gemnote'
08:42:24  INFO      scraper.main                    ✨ [25/100] Synchronized updates finalized for 'Gemnote'
08:42:24  INFO      scraper.main                    🔄 [26/100] Processing Data Sweep -> 'New Story'
08:42:24  INFO      scraper.main                    ✨ [26/100] Synchronized updates finalized for 'New Story'
08:42:24  INFO      scraper.main                    🔄 [27/100] Processing Data Sweep -> 'Ironclad'
08:42:24  INFO      scraper.main                    ✨ [27/100] Synchronized updates finalized for 'Ironclad'
08:42:24  INFO      scraper.main                    🔄 [28/100] Processing Data Sweep -> 'Lugg'
08:42:24  INFO      scraper.main                    ✨ [28/100] Synchronized updates finalized for 'Lugg'
08:42:24  INFO      scraper.main                    🔄 [29/100] Processing Data Sweep -> 'Mashgin'
08:42:24  INFO      scraper.main                    ✨ [29/100] Synchronized updates finalized for 'Mashgin'
08:42:24  INFO      scraper.main                    🔄 [30/100] Processing Data Sweep -> 'Quartzy'
08:42:24  INFO      scraper.main                    ✨ [30/100] Synchronized updates finalized for 'Quartzy'
08:42:24  INFO      scraper.main                    🔄 [31/100] Processing Data Sweep -> 'Tara AI'
08:42:24  INFO      scraper.main                    ✨ [31/100] Synchronized updates finalized for 'Tara AI'
08:42:24  INFO      scraper.main                    🔄 [32/100] Processing Data Sweep -> 'Tab'
08:42:24  INFO      scraper.main                    ✨ [32/100] Synchronized updates finalized for 'Tab'
08:42:24  INFO      scraper.main                    🔄 [33/100] Processing Data Sweep -> 'Streak'
08:42:24  INFO      scraper.main                    ✨ [33/100] Synchronized updates finalized for 'Streak'
08:42:24  INFO      scraper.main                    🔄 [34/100] Processing Data Sweep -> 'Giveffect'
08:42:24  INFO      scraper.main                    ✨ [34/100] Synchronized updates finalized for 'Giveffect'
08:42:24  INFO      scraper.main                    🔄 [35/100] Processing Data Sweep -> 'Tempo'
08:42:24  INFO      scraper.main                    ✨ [35/100] Synchronized updates finalized for 'Tempo'
08:42:24  INFO      scraper.main                    🔄 [36/100] Processing Data Sweep -> 'Bankjoy'
08:42:24  INFO      scraper.main                    ✨ [36/100] Synchronized updates finalized for 'Bankjoy'
08:42:24  INFO      scraper.main                    🔄 [37/100] Processing Data Sweep -> 'OneSignal'
08:42:24  INFO      scraper.main                    ✨ [37/100] Synchronized updates finalized for 'OneSignal'
08:42:24  INFO      scraper.main                    🔄 [38/100] Processing Data Sweep -> 'Magic'
08:42:24  INFO      scraper.main                    ✨ [38/100] Synchronized updates finalized for 'Magic'
08:42:24  INFO      scraper.main                    🔄 [39/100] Processing Data Sweep -> 'Qventus'
08:42:24  INFO      scraper.main                    ✨ [39/100] Synchronized updates finalized for 'Qventus'
08:42:24  INFO      scraper.main                    🔄 [40/100] Processing Data Sweep -> 'HackerRank'
08:42:24  INFO      scraper.main                    ✨ [40/100] Synchronized updates finalized for 'HackerRank'
08:42:24  INFO      scraper.main                    🔄 [41/100] Processing Data Sweep -> 'Apollo'
08:42:24  INFO      scraper.main                    ✨ [41/100] Synchronized updates finalized for 'Apollo'
08:42:24  INFO      scraper.main                    🔄 [42/100] Processing Data Sweep -> 'Hive'
08:42:24  INFO      scraper.main                    ✨ [42/100] Synchronized updates finalized for 'Hive'
08:42:24  INFO      scraper.main                    🔄 [43/100] Processing Data Sweep -> 'PicnicAI'
08:42:24  INFO      scraper.main                    ✨ [43/100] Synchronized updates finalized for 'PicnicAI'
08:42:24  INFO      scraper.main                    🔄 [44/100] Processing Data Sweep -> 'PiinPoint'
08:42:24  INFO      scraper.main                    ✨ [44/100] Synchronized updates finalized for 'PiinPoint'
08:42:24  INFO      scraper.main                    🔄 [45/100] Processing Data Sweep -> 'Noora Health'
08:42:24  INFO      scraper.main                    ✨ [45/100] Synchronized updates finalized for 'Noora Health'
08:42:24  INFO      scraper.main                    🔄 [46/100] Processing Data Sweep -> 'Cambly'
08:42:24  INFO      scraper.main                    ✨ [46/100] Synchronized updates finalized for 'Cambly'
08:42:24  INFO      scraper.main                    🔄 [47/100] Processing Data Sweep -> 'AptDeco'
08:42:24  INFO      scraper.main                    ✨ [47/100] Synchronized updates finalized for 'AptDeco'
08:42:24  INFO      scraper.main                    🔄 [48/100] Processing Data Sweep -> 'Lob'
08:42:24  INFO      scraper.main                    ✨ [48/100] Synchronized updates finalized for 'Lob'
08:42:24  INFO      scraper.main                    🔄 [49/100] Processing Data Sweep -> 'Goldbelly'
08:42:24  INFO      scraper.main                    ✨ [49/100] Synchronized updates finalized for 'Goldbelly'
08:42:24  INFO      scraper.main                    🔄 [50/100] Processing Data Sweep -> 'SimplyInsured'
08:42:24  INFO      scraper.main                    ✨ [50/100] Synchronized updates finalized for 'SimplyInsured'
08:42:24  INFO      scraper.main                    🔄 [51/100] Processing Data Sweep -> 'CircuitHub'
08:42:24  INFO      scraper.main                    ✨ [51/100] Synchronized updates finalized for 'CircuitHub'
08:42:24  INFO      scraper.main                    🔄 [52/100] Processing Data Sweep -> 'RADAR'
08:42:24  INFO      scraper.main                    ✨ [52/100] Synchronized updates finalized for 'RADAR'
08:42:24  INFO      scraper.main                    🔄 [53/100] Processing Data Sweep -> 'InfluxData'
08:42:24  INFO      scraper.main                    ✨ [53/100] Synchronized updates finalized for 'InfluxData'
08:42:24  INFO      scraper.main                    🔄 [54/100] Processing Data Sweep -> 'Etleap'
08:42:24  INFO      scraper.main                    ✨ [54/100] Synchronized updates finalized for 'Etleap'
08:42:24  INFO      scraper.main                    🔄 [55/100] Processing Data Sweep -> 'Padlet'
08:42:24  INFO      scraper.main                    ✨ [55/100] Synchronized updates finalized for 'Padlet'
08:42:24  INFO      scraper.main                    🔄 [56/100] Processing Data Sweep -> 'BuildZoom'
08:42:24  INFO      scraper.main                    ✨ [56/100] Synchronized updates finalized for 'BuildZoom'
08:42:24  INFO      scraper.main                    🔄 [57/100] Processing Data Sweep -> 'Zentail'
08:42:24  INFO      scraper.main                    ✨ [57/100] Synchronized updates finalized for 'Zentail'
08:42:24  INFO      scraper.main                    🔄 [58/100] Processing Data Sweep -> 'Huscarl'
08:42:24  INFO      scraper.main                    ✨ [58/100] Synchronized updates finalized for 'Huscarl'
08:42:24  INFO      scraper.main                    🔄 [59/100] Processing Data Sweep -> 'Intelligence Factory'
08:42:24  INFO      scraper.main                    ✨ [59/100] Synchronized updates finalized for 'Intelligence Factory'
08:42:24  INFO      scraper.main                    🔄 [60/100] Processing Data Sweep -> 'Arlo Industries'
08:42:24  INFO      scraper.main                    ✨ [60/100] Synchronized updates finalized for 'Arlo Industries'
08:42:24  INFO      scraper.main                    🔄 [61/100] Processing Data Sweep -> 'Asendia AI'
08:42:24  INFO      scraper.main                    ✨ [61/100] Synchronized updates finalized for 'Asendia AI'
08:42:24  INFO      scraper.main                    🔄 [62/100] Processing Data Sweep -> 'Indexable'
08:42:24  INFO      scraper.main                    ✨ [62/100] Synchronized updates finalized for 'Indexable'
08:42:24  INFO      scraper.main                    🔄 [63/100] Processing Data Sweep -> 'Runtime'
08:42:24  INFO      scraper.main                    ✨ [63/100] Synchronized updates finalized for 'Runtime'
08:42:24  INFO      scraper.main                    🔄 [64/100] Processing Data Sweep -> 'OpenWork'
08:42:24  INFO      scraper.main                    ✨ [64/100] Synchronized updates finalized for 'OpenWork'
08:42:24  INFO      scraper.main                    🔄 [65/100] Processing Data Sweep -> 'Eden Robotics'
08:42:24  INFO      scraper.main                    ✨ [65/100] Synchronized updates finalized for 'Eden Robotics'
08:42:24  INFO      scraper.main                    🔄 [66/100] Processing Data Sweep -> 'ANORIA'
08:42:24  INFO      scraper.main                    ✨ [66/100] Synchronized updates finalized for 'ANORIA'
08:42:24  INFO      scraper.main                    🔄 [67/100] Processing Data Sweep -> 'BioStack Platforms'
08:42:24  INFO      scraper.main                    ✨ [67/100] Synchronized updates finalized for 'BioStack Platforms'
08:42:24  INFO      scraper.main                    🔄 [68/100] Processing Data Sweep -> 'Tasklet'
08:42:24  INFO      scraper.main                    ✨ [68/100] Synchronized updates finalized for 'Tasklet'
08:42:24  INFO      scraper.main                    🔄 [69/100] Processing Data Sweep -> 'Aseon Labs'
08:42:24  INFO      scraper.main                    ✨ [69/100] Synchronized updates finalized for 'Aseon Labs'
08:42:24  INFO      scraper.main                    🔄 [70/100] Processing Data Sweep -> 'Minicor'
08:42:24  INFO      scraper.main                    ✨ [70/100] Synchronized updates finalized for 'Minicor'
08:42:24  INFO      scraper.main                    🔄 [71/100] Processing Data Sweep -> 'Mount'
08:42:25  INFO      scraper.main                    ✨ [71/100] Synchronized updates finalized for 'Mount'
08:42:25  INFO      scraper.main                    🔄 [72/100] Processing Data Sweep -> 'Gojiberry AI'
08:42:25  INFO      scraper.main                    ✨ [72/100] Synchronized updates finalized for 'Gojiberry AI'
08:42:25  INFO      scraper.main                    🔄 [73/100] Processing Data Sweep -> 'Synphony'
08:42:25  INFO      scraper.main                    ✨ [73/100] Synchronized updates finalized for 'Synphony'
08:42:25  INFO      scraper.main                    🔄 [74/100] Processing Data Sweep -> 'Standout'
08:42:25  INFO      scraper.main                    ✨ [74/100] Synchronized updates finalized for 'Standout'
08:42:25  INFO      scraper.main                    🔄 [75/100] Processing Data Sweep -> 'Kinro'
08:42:25  INFO      scraper.main                    ✨ [75/100] Synchronized updates finalized for 'Kinro'
08:42:25  INFO      scraper.main                    🔄 [76/100] Processing Data Sweep -> 'The Company Company'
08:42:25  INFO      scraper.main                    ✨ [76/100] Synchronized updates finalized for 'The Company Company'
08:42:25  INFO      scraper.main                    🔄 [77/100] Processing Data Sweep -> 'Dayjob'
08:42:25  INFO      scraper.main                    ✨ [77/100] Synchronized updates finalized for 'Dayjob'
08:42:25  INFO      scraper.main                    🔄 [78/100] Processing Data Sweep -> 'Replicas'
08:42:25  INFO      scraper.main                    ✨ [78/100] Synchronized updates finalized for 'Replicas'
08:42:25  INFO      scraper.main                    🔄 [79/100] Processing Data Sweep -> 'Hedge'
08:42:25  INFO      scraper.main                    ✨ [79/100] Synchronized updates finalized for 'Hedge'
08:42:25  INFO      scraper.main                    🔄 [80/100] Processing Data Sweep -> 'Cardinal'
08:42:25  INFO      scraper.main                    ✨ [80/100] Synchronized updates finalized for 'Cardinal'
08:42:25  INFO      scraper.main                    🔄 [81/100] Processing Data Sweep -> 'Wayco'
08:42:25  INFO      scraper.main                    ✨ [81/100] Synchronized updates finalized for 'Wayco'
08:42:25  INFO      scraper.main                    🔄 [82/100] Processing Data Sweep -> 'Bloom'
08:42:25  INFO      scraper.main                    ✨ [82/100] Synchronized updates finalized for 'Bloom'
08:42:25  INFO      scraper.main                    🔄 [83/100] Processing Data Sweep -> 'Aurorin CAD'
08:42:25  INFO      scraper.main                    ✨ [83/100] Synchronized updates finalized for 'Aurorin CAD'
08:42:25  INFO      scraper.main                    🔄 [84/100] Processing Data Sweep -> 'GrazeMate'
08:42:25  INFO      scraper.main                    ✨ [84/100] Synchronized updates finalized for 'GrazeMate'
08:42:25  INFO      scraper.main                    🔄 [85/100] Processing Data Sweep -> 'Librar Labs'
08:42:25  INFO      scraper.main                    ✨ [85/100] Synchronized updates finalized for 'Librar Labs'
08:42:25  INFO      scraper.main                    🔄 [86/100] Processing Data Sweep -> 'Zymbly'
08:42:25  INFO      scraper.main                    ✨ [86/100] Synchronized updates finalized for 'Zymbly'
08:42:25  INFO      scraper.main                    🔄 [87/100] Processing Data Sweep -> 'VOYGR'
08:42:25  INFO      scraper.main                    ✨ [87/100] Synchronized updates finalized for 'VOYGR'
08:42:25  INFO      scraper.main                    🔄 [88/100] Processing Data Sweep -> 'MochaCare'
08:42:25  INFO      scraper.main                    ✨ [88/100] Synchronized updates finalized for 'MochaCare'
08:42:25  INFO      scraper.main                    🔄 [89/100] Processing Data Sweep -> 'Vela'
08:42:25  INFO      scraper.main                    ✨ [89/100] Synchronized updates finalized for 'Vela'
08:42:25  INFO      scraper.main                    🔄 [90/100] Processing Data Sweep -> 'Tsenta'
08:42:25  INFO      scraper.main                    ✨ [90/100] Synchronized updates finalized for 'Tsenta'
08:42:25  INFO      scraper.main                    🔄 [91/100] Processing Data Sweep -> 'Foreman'
08:42:25  INFO      scraper.main                    ✨ [91/100] Synchronized updates finalized for 'Foreman'
08:42:25  INFO      scraper.main                    🔄 [92/100] Processing Data Sweep -> 'Booko'
08:42:25  INFO      scraper.main                    ✨ [92/100] Synchronized updates finalized for 'Booko'
08:42:25  INFO      scraper.main                    🔄 [93/100] Processing Data Sweep -> 'General Legal'
08:42:25  INFO      scraper.main                    ✨ [93/100] Synchronized updates finalized for 'General Legal'
08:42:25  INFO      scraper.main                    🔄 [94/100] Processing Data Sweep -> 'Fort'
08:42:25  INFO      scraper.main                    ✨ [94/100] Synchronized updates finalized for 'Fort'
08:42:25  INFO      scraper.main                    🔄 [95/100] Processing Data Sweep -> 'Balance'
08:42:25  INFO      scraper.main                    ✨ [95/100] Synchronized updates finalized for 'Balance'
08:42:25  INFO      scraper.main                    🔄 [96/100] Processing Data Sweep -> 'Chasi'
08:42:25  INFO      scraper.main                    ✨ [96/100] Synchronized updates finalized for 'Chasi'
08:42:25  INFO      scraper.main                    🔄 [97/100] Processing Data Sweep -> 'Superset'
08:42:25  INFO      scraper.main                    ✨ [97/100] Synchronized updates finalized for 'Superset'
08:42:25  INFO      scraper.main                    🔄 [98/100] Processing Data Sweep -> 'Polymath'
08:42:25  INFO      scraper.main                    ✨ [98/100] Synchronized updates finalized for 'Polymath'
08:42:25  INFO      scraper.main                    🔄 [99/100] Processing Data Sweep -> 'Pocket'
08:42:25  INFO      scraper.main                    ✨ [99/100] Synchronized updates finalized for 'Pocket'
08:42:25  INFO      scraper.main                    🔄 [100/100] Processing Data Sweep -> 'Constellation Space'
08:42:25  INFO      scraper.main                    ✨ [100/100] Synchronized updates finalized for 'Constellation Space'
08:42:25  INFO      scraper.main                    🔒 Playwright orchestration workspace torn down cleanly.
08:42:25  INFO      scraper.main                    扫 Commencing post-processing data validation and consolidation...
08:42:25  INFO      scraper.data_exporter           [STEP 4] Validating 100 records …
08:42:25  INFO      scraper.data_exporter             After dedup → 100 companies
08:42:25  INFO      scraper.main                    📊 Formatting corporate documentation models...
08:42:25  INFO      scraper.data_exporter             Excel → C:\Users\ajitk\OneDrive\Desktop\talent_intelligence_project_2\output\companies.xlsx
08:42:25  INFO      scraper.data_exporter             JSON  → C:\Users\ajitk\OneDrive\Desktop\talent_intelligence_project_2\output\companies.json
08:42:25  INFO      scraper.main                    🎉 System Pipeline Processing Run Completed Successfully!
