21:48:23  INFO      scraper.main                    🔍 Initiating dynamic source discovery phase across 4 networks...
21:48:23  INFO      scraper.company_discovery       🌐 Sourcing corporate targets directly via YC Hub: https://www.ycombinator.com/companies?isHiring=true&sortBy=top&batch=&top_company=false
21:48:53  INFO      scraper.company_discovery          ↳ Core structural interface parsing hit: Found 120 data blocks.
21:48:54  INFO      scraper.company_discovery       📊 Extraction processing run finalized. Transferred 100 entities down to verification loops.
21:48:54  INFO      scraper.main                    🚀 Launching Master Talent Intelligence Processing Loop...
21:48:54  INFO      scraper.main                    📋 Ingested 100 target profiles from the ingestion pool.
21:48:54  INFO      scraper.main                    🌐 Spinning up Chromium Instance (Headless=True)
21:48:54  INFO      scraper.main                    🔄 [1/100] Processing Data Sweep -> 'BillionToOneMenlo Park, CA, USA'
21:48:54  INFO      scraper.main                    ✨ [1/100] Synchronized updates finalized for 'BillionToOneMenlo Park, CA, USA'
21:48:54  INFO      scraper.main                    🔄 [2/100] Processing Data Sweep -> 'MasonSeattle, WA, USA'
21:48:54  INFO      scraper.main                    ✨ [2/100] Synchronized updates finalized for 'MasonSeattle, WA, USA'
21:48:54  INFO      scraper.main                    🔄 [3/100] Processing Data Sweep -> 'TovalaChicago, IL, USA'
21:48:54  INFO      scraper.main                    ✨ [3/100] Synchronized updates finalized for 'TovalaChicago, IL, USA'
21:48:54  INFO      scraper.main                    🔄 [4/100] Processing Data Sweep -> 'iSono HealthSan Francisco, CA, USA'
21:48:54  INFO      scraper.main                    ✨ [4/100] Synchronized updates finalized for 'iSono HealthSan Francisco, CA, USA'
21:48:54  INFO      scraper.main                    🔄 [5/100] Processing Data Sweep -> 'DeepgramSan Francisco, CA, USA'
21:48:54  INFO      scraper.main                    ✨ [5/100] Synchronized updates finalized for 'DeepgramSan Francisco, CA, USA'
21:48:54  INFO      scraper.main                    🔄 [6/100] Processing Data Sweep -> 'SOUNDBOKSCopenhagen, Denmark'
21:48:54  INFO      scraper.main                    ✨ [6/100] Synchronized updates finalized for 'SOUNDBOKSCopenhagen, Denmark'
21:48:54  INFO      scraper.main                    🔄 [7/100] Processing Data Sweep -> 'LatticeSan Francisco, CA, USA'
21:48:54  INFO      scraper.main                    ✨ [7/100] Synchronized updates finalized for 'LatticeSan Francisco, CA, USA'
21:48:54  INFO      scraper.main                    🔄 [8/100] Processing Data Sweep -> 'MuxSan Francisco, CA, USA'
21:48:54  INFO      scraper.main                    ✨ [8/100] Synchronized updates finalized for 'MuxSan Francisco, CA, USA'
21:48:54  INFO      scraper.main                    🔄 [9/100] Processing Data Sweep -> 'Human InterestSan Francisco, CA, USA'
21:48:54  INFO      scraper.main                    ✨ [9/100] Synchronized updates finalized for 'Human InterestSan Francisco, CA, USA'
21:48:54  INFO      scraper.main                    🔄 [10/100] Processing Data Sweep -> 'Eight SleepNew York, NY, USA'
21:48:54  INFO      scraper.main                    ✨ [10/100] Synchronized updates finalized for 'Eight SleepNew York, NY, USA'
21:48:54  INFO      scraper.main                    🔄 [11/100] Processing Data Sweep -> 'InstaworkSan Francisco, CA, USA'
21:48:54  INFO      scraper.main                    ✨ [11/100] Synchronized updates finalized for 'InstaworkSan Francisco, CA, USA'
21:48:54  INFO      scraper.main                    🔄 [12/100] Processing Data Sweep -> 'BitmovinSan Francisco, CA, USA'
21:48:54  INFO      scraper.main                    ✨ [12/100] Synchronized updates finalized for 'BitmovinSan Francisco, CA, USA'
21:48:54  INFO      scraper.main                    🔄 [13/100] Processing Data Sweep -> 'XenditJakarta, Jakarta, Indonesia'
21:48:54  INFO      scraper.main                    ✨ [13/100] Synchronized updates finalized for 'XenditJakarta, Jakarta, Indonesia'
21:48:54  INFO      scraper.main                    🔄 [14/100] Processing Data Sweep -> 'Shape (ShapeScale)San Francisco, CA, USA'
21:48:54  INFO      scraper.main                    ✨ [14/100] Synchronized updates finalized for 'Shape (ShapeScale)San Francisco, CA, USA'
21:48:54  INFO      scraper.main                    🔄 [15/100] Processing Data Sweep -> 'Circle Medical'
21:48:54  INFO      scraper.main                    ✨ [15/100] Synchronized updates finalized for 'Circle Medical'
21:48:54  INFO      scraper.main                    🔄 [16/100] Processing Data Sweep -> 'GiveCampusWashington, DC, USA'
21:48:54  INFO      scraper.main                    ✨ [16/100] Synchronized updates finalized for 'GiveCampusWashington, DC, USA'
21:48:54  INFO      scraper.main                    🔄 [17/100] Processing Data Sweep -> 'Drip CapitalMH, India'
21:48:54  INFO      scraper.main                    ✨ [17/100] Synchronized updates finalized for 'Drip CapitalMH, India'
21:48:54  INFO      scraper.main                    🔄 [18/100] Processing Data Sweep -> 'Verge GenomicsSan Francisco, CA, USA'
21:48:54  INFO      scraper.main                    ✨ [18/100] Synchronized updates finalized for 'Verge GenomicsSan Francisco, CA, USA'
21:48:54  INFO      scraper.main                    🔄 [19/100] Processing Data Sweep -> 'AgileMDSan Francisco, CA, USA'
21:48:54  INFO      scraper.main                    ✨ [19/100] Synchronized updates finalized for 'AgileMDSan Francisco, CA, USA'
21:48:54  INFO      scraper.main                    🔄 [20/100] Processing Data Sweep -> 'ReachRedwood City, CA, USA'
21:48:54  INFO      scraper.main                    ✨ [20/100] Synchronized updates finalized for 'ReachRedwood City, CA, USA'
21:48:54  INFO      scraper.main                    🔄 [21/100] Processing Data Sweep -> 'Branch8Kowloon, Hong Kong'
21:48:54  INFO      scraper.main                    ✨ [21/100] Synchronized updates finalized for 'Branch8Kowloon, Hong Kong'
21:48:54  INFO      scraper.main                    🔄 [22/100] Processing Data Sweep -> 'Heroic LabsLondon, England, United Kingdom'
21:48:54  INFO      scraper.main                    ✨ [22/100] Synchronized updates finalized for 'Heroic LabsLondon, England, United Kingdom'
21:48:54  INFO      scraper.main                    🔄 [23/100] Processing Data Sweep -> 'SnapMagicSan Francisco, CA, USA'
21:48:54  INFO      scraper.main                    ✨ [23/100] Synchronized updates finalized for 'SnapMagicSan Francisco, CA, USA'
21:48:54  INFO      scraper.main                    🔄 [24/100] Processing Data Sweep -> 'Scope ARSan Francisco, CA, USA'
21:48:54  INFO      scraper.main                    ✨ [24/100] Synchronized updates finalized for 'Scope ARSan Francisco, CA, USA'
21:48:54  INFO      scraper.main                    🔄 [25/100] Processing Data Sweep -> 'GemnoteSan Leandro, CA, USA'
21:48:54  INFO      scraper.main                    ✨ [25/100] Synchronized updates finalized for 'GemnoteSan Leandro, CA, USA'
21:48:54  INFO      scraper.main                    🔄 [26/100] Processing Data Sweep -> 'New StoryAtlanta, GA, USA'
21:48:54  INFO      scraper.main                    ✨ [26/100] Synchronized updates finalized for 'New StoryAtlanta, GA, USA'
21:48:54  INFO      scraper.main                    🔄 [27/100] Processing Data Sweep -> 'IroncladSan Francisco, CA, USA'
21:48:54  INFO      scraper.main                    ✨ [27/100] Synchronized updates finalized for 'IroncladSan Francisco, CA, USA'
21:48:54  INFO      scraper.main                    🔄 [28/100] Processing Data Sweep -> 'LuggSan Francisco, CA, USA'
21:48:54  INFO      scraper.main                    ✨ [28/100] Synchronized updates finalized for 'LuggSan Francisco, CA, USA'
21:48:54  INFO      scraper.main                    🔄 [29/100] Processing Data Sweep -> 'MashginPalo Alto, CA, USA'
21:48:54  INFO      scraper.main                    ✨ [29/100] Synchronized updates finalized for 'MashginPalo Alto, CA, USA'
21:48:54  INFO      scraper.main                    🔄 [30/100] Processing Data Sweep -> 'QuartzyHayward, CA, USA'
21:48:54  INFO      scraper.main                    ✨ [30/100] Synchronized updates finalized for 'QuartzyHayward, CA, USA'
21:48:54  INFO      scraper.main                    🔄 [31/100] Processing Data Sweep -> 'Tara AISan Francisco, CA, USA'
21:48:54  INFO      scraper.main                    ✨ [31/100] Synchronized updates finalized for 'Tara AISan Francisco, CA, USA'
21:48:54  INFO      scraper.main                    🔄 [32/100] Processing Data Sweep -> 'TabLondon, England, United Kingdom'
21:48:54  INFO      scraper.main                    ✨ [32/100] Synchronized updates finalized for 'TabLondon, England, United Kingdom'
21:48:54  INFO      scraper.main                    🔄 [33/100] Processing Data Sweep -> 'StreakSan Francisco, CA, USA'
21:48:54  INFO      scraper.main                    ✨ [33/100] Synchronized updates finalized for 'StreakSan Francisco, CA, USA'
21:48:54  INFO      scraper.main                    🔄 [34/100] Processing Data Sweep -> 'GiveffectNew York, NY, USA'
21:48:54  INFO      scraper.main                    ✨ [34/100] Synchronized updates finalized for 'GiveffectNew York, NY, USA'
21:48:54  INFO      scraper.main                    🔄 [35/100] Processing Data Sweep -> 'TempoSan Francisco, CA, USA'
21:48:54  INFO      scraper.main                    ✨ [35/100] Synchronized updates finalized for 'TempoSan Francisco, CA, USA'
21:48:54  INFO      scraper.main                    🔄 [36/100] Processing Data Sweep -> 'BankjoyTroy, MI, USA'
21:48:54  INFO      scraper.main                    ✨ [36/100] Synchronized updates finalized for 'BankjoyTroy, MI, USA'
21:48:54  INFO      scraper.main                    🔄 [37/100] Processing Data Sweep -> 'OneSignalSan Mateo, CA, USA'
21:48:54  INFO      scraper.main                    ✨ [37/100] Synchronized updates finalized for 'OneSignalSan Mateo, CA, USA'
21:48:54  INFO      scraper.main                    🔄 [38/100] Processing Data Sweep -> 'MagicWashington, DC, USA'
21:48:54  INFO      scraper.main                    ✨ [38/100] Synchronized updates finalized for 'MagicWashington, DC, USA'
21:48:54  INFO      scraper.main                    🔄 [39/100] Processing Data Sweep -> 'QventusSan Francisco, CA, USA'
21:48:54  INFO      scraper.main                    ✨ [39/100] Synchronized updates finalized for 'QventusSan Francisco, CA, USA'
21:48:54  INFO      scraper.main                    🔄 [40/100] Processing Data Sweep -> 'HackerRankSanta Clara, CA, USA'
21:48:54  INFO      scraper.main                    ✨ [40/100] Synchronized updates finalized for 'HackerRankSanta Clara, CA, USA'
21:48:54  INFO      scraper.main                    🔄 [41/100] Processing Data Sweep -> 'ApolloSan Francisco, CA, USA'
21:48:54  INFO      scraper.main                    ✨ [41/100] Synchronized updates finalized for 'ApolloSan Francisco, CA, USA'
21:48:54  INFO      scraper.main                    🔄 [42/100] Processing Data Sweep -> 'HiveKitchener, ON, Canada'
21:48:54  INFO      scraper.main                    ✨ [42/100] Synchronized updates finalized for 'HiveKitchener, ON, Canada'
21:48:54  INFO      scraper.main                    🔄 [43/100] Processing Data Sweep -> 'PicnicAISan Francisco, CA, USA'
21:48:54  INFO      scraper.main                    ✨ [43/100] Synchronized updates finalized for 'PicnicAISan Francisco, CA, USA'
21:48:54  INFO      scraper.main                    🔄 [44/100] Processing Data Sweep -> 'PiinPointKitchener, ON, Canada'
21:48:54  INFO      scraper.main                    ✨ [44/100] Synchronized updates finalized for 'PiinPointKitchener, ON, Canada'
21:48:54  INFO      scraper.main                    🔄 [45/100] Processing Data Sweep -> 'Noora HealthBengaluru, KA, India'
21:48:54  INFO      scraper.main                    ✨ [45/100] Synchronized updates finalized for 'Noora HealthBengaluru, KA, India'
21:48:54  INFO      scraper.main                    🔄 [46/100] Processing Data Sweep -> 'CamblySan Francisco, CA, USA'
21:48:54  INFO      scraper.main                    ✨ [46/100] Synchronized updates finalized for 'CamblySan Francisco, CA, USA'
21:48:54  INFO      scraper.main                    🔄 [47/100] Processing Data Sweep -> 'AptDecoNew York, NY, USA'
21:48:54  INFO      scraper.main                    ✨ [47/100] Synchronized updates finalized for 'AptDecoNew York, NY, USA'
21:48:54  INFO      scraper.main                    🔄 [48/100] Processing Data Sweep -> 'LobNew York City, NY, USA'
21:48:54  INFO      scraper.main                    ✨ [48/100] Synchronized updates finalized for 'LobNew York City, NY, USA'
21:48:54  INFO      scraper.main                    🔄 [49/100] Processing Data Sweep -> 'GoldbellyNew York, NY, USA'
21:48:54  INFO      scraper.main                    ✨ [49/100] Synchronized updates finalized for 'GoldbellyNew York, NY, USA'
21:48:54  INFO      scraper.main                    🔄 [50/100] Processing Data Sweep -> 'WefunderSan Francisco, CA, USA'
21:48:54  INFO      scraper.main                    ✨ [50/100] Synchronized updates finalized for 'WefunderSan Francisco, CA, USA'
21:48:54  INFO      scraper.main                    🔄 [51/100] Processing Data Sweep -> 'SimplyInsuredSan Francisco, CA, USA'
21:48:54  INFO      scraper.main                    ✨ [51/100] Synchronized updates finalized for 'SimplyInsuredSan Francisco, CA, USA'
21:48:54  INFO      scraper.main                    🔄 [52/100] Processing Data Sweep -> 'CircuitHubLondon, England, United Kingdom'
21:48:54  INFO      scraper.main                    ✨ [52/100] Synchronized updates finalized for 'CircuitHubLondon, England, United Kingdom'
21:48:54  INFO      scraper.main                    🔄 [53/100] Processing Data Sweep -> 'RADARNew York, NY, USA'
21:48:54  INFO      scraper.main                    ✨ [53/100] Synchronized updates finalized for 'RADARNew York, NY, USA'
21:48:54  INFO      scraper.main                    🔄 [54/100] Processing Data Sweep -> 'InfluxDataNew York City, NY, USA'
21:48:54  INFO      scraper.main                    ✨ [54/100] Synchronized updates finalized for 'InfluxDataNew York City, NY, USA'
21:48:54  INFO      scraper.main                    🔄 [55/100] Processing Data Sweep -> 'EtleapSan Francisco, CA, USA'
21:48:54  INFO      scraper.main                    ✨ [55/100] Synchronized updates finalized for 'EtleapSan Francisco, CA, USA'
21:48:54  INFO      scraper.main                    🔄 [56/100] Processing Data Sweep -> 'PadletSan Francisco, CA, USA'
21:48:54  INFO      scraper.main                    ✨ [56/100] Synchronized updates finalized for 'PadletSan Francisco, CA, USA'
21:48:54  INFO      scraper.main                    🔄 [57/100] Processing Data Sweep -> 'BuildZoomSan Francisco, CA, USA'
21:48:54  INFO      scraper.main                    ✨ [57/100] Synchronized updates finalized for 'BuildZoomSan Francisco, CA, USA'
21:48:54  INFO      scraper.main                    🔄 [58/100] Processing Data Sweep -> 'ZentailColumbia, MD, USA'
21:48:54  INFO      scraper.main                    ✨ [58/100] Synchronized updates finalized for 'ZentailColumbia, MD, USA'
21:48:54  INFO      scraper.main                    🔄 [59/100] Processing Data Sweep -> 'HuscarlRemote'
21:48:54  INFO      scraper.main                    ✨ [59/100] Synchronized updates finalized for 'HuscarlRemote'
21:48:54  INFO      scraper.main                    🔄 [60/100] Processing Data Sweep -> 'Intelligence FactorySan Francisco, CA, USA'
21:48:54  INFO      scraper.main                    ✨ [60/100] Synchronized updates finalized for 'Intelligence FactorySan Francisco, CA, USA'
21:48:54  INFO      scraper.main                    🔄 [61/100] Processing Data Sweep -> 'Arlo IndustriesSan Francisco, CA, USA'
21:48:54  INFO      scraper.main                    ✨ [61/100] Synchronized updates finalized for 'Arlo IndustriesSan Francisco, CA, USA'
21:48:54  INFO      scraper.main                    🔄 [62/100] Processing Data Sweep -> 'Asendia AI'
21:48:54  INFO      scraper.main                    ✨ [62/100] Synchronized updates finalized for 'Asendia AI'
21:48:54  INFO      scraper.main                    🔄 [63/100] Processing Data Sweep -> 'IndexableSan Francisco, CA, USA'
21:48:54  INFO      scraper.main                    ✨ [63/100] Synchronized updates finalized for 'IndexableSan Francisco, CA, USA'
21:48:54  INFO      scraper.main                    🔄 [64/100] Processing Data Sweep -> 'RuntimeSan Francisco, CA, USA'
21:48:54  INFO      scraper.main                    ✨ [64/100] Synchronized updates finalized for 'RuntimeSan Francisco, CA, USA'
21:48:54  INFO      scraper.main                    🔄 [65/100] Processing Data Sweep -> 'OpenWorkSan Francisco, CA, USA'
21:48:54  INFO      scraper.main                    ✨ [65/100] Synchronized updates finalized for 'OpenWorkSan Francisco, CA, USA'
21:48:54  INFO      scraper.main                    🔄 [66/100] Processing Data Sweep -> 'Eden RoboticsSan Francisco, CA, USA'
21:48:54  INFO      scraper.main                    ✨ [66/100] Synchronized updates finalized for 'Eden RoboticsSan Francisco, CA, USA'
21:48:54  INFO      scraper.main                    🔄 [67/100] Processing Data Sweep -> 'ANORIASan Francisco, CA, USA'
21:48:54  INFO      scraper.main                    ✨ [67/100] Synchronized updates finalized for 'ANORIASan Francisco, CA, USA'
21:48:54  INFO      scraper.main                    🔄 [68/100] Processing Data Sweep -> 'BioStack PlatformsSan Francisco, CA, USA'
21:48:54  INFO      scraper.main                    ✨ [68/100] Synchronized updates finalized for 'BioStack PlatformsSan Francisco, CA, USA'
21:48:54  INFO      scraper.main                    🔄 [69/100] Processing Data Sweep -> 'TaskletSan Francisco, CA, USA'
21:48:54  INFO      scraper.main                    ✨ [69/100] Synchronized updates finalized for 'TaskletSan Francisco, CA, USA'
21:48:54  INFO      scraper.main                    🔄 [70/100] Processing Data Sweep -> 'Aseon LabsRedwood City, CA, USA'
21:48:54  INFO      scraper.main                    ✨ [70/100] Synchronized updates finalized for 'Aseon LabsRedwood City, CA, USA'
21:48:54  INFO      scraper.main                    🔄 [71/100] Processing Data Sweep -> 'MinicorSan Francisco, CA, USA'
21:48:54  INFO      scraper.main                    ✨ [71/100] Synchronized updates finalized for 'MinicorSan Francisco, CA, USA'
21:48:54  INFO      scraper.main                    🔄 [72/100] Processing Data Sweep -> 'MountSan Francisco, CA, USA'
21:48:54  INFO      scraper.main                    ✨ [72/100] Synchronized updates finalized for 'MountSan Francisco, CA, USA'
21:48:54  INFO      scraper.main                    🔄 [73/100] Processing Data Sweep -> 'Gojiberry AISan Francisco, CA, USA'
21:48:54  INFO      scraper.main                    ✨ [73/100] Synchronized updates finalized for 'Gojiberry AISan Francisco, CA, USA'
21:48:54  INFO      scraper.main                    🔄 [74/100] Processing Data Sweep -> 'SynphonySan Carlos, CA, USA'
21:48:54  INFO      scraper.main                    ✨ [74/100] Synchronized updates finalized for 'SynphonySan Carlos, CA, USA'
21:48:54  INFO      scraper.main                    🔄 [75/100] Processing Data Sweep -> 'StandoutSan Francisco, CA, USA'
21:48:54  INFO      scraper.main                    ✨ [75/100] Synchronized updates finalized for 'StandoutSan Francisco, CA, USA'
21:48:54  INFO      scraper.main                    🔄 [76/100] Processing Data Sweep -> 'KinroSan Francisco, CA, USA'
21:48:54  INFO      scraper.main                    ✨ [76/100] Synchronized updates finalized for 'KinroSan Francisco, CA, USA'
21:48:54  INFO      scraper.main                    🔄 [77/100] Processing Data Sweep -> 'The Company Company'
21:48:54  INFO      scraper.main                    ✨ [77/100] Synchronized updates finalized for 'The Company Company'
21:48:54  INFO      scraper.main                    🔄 [78/100] Processing Data Sweep -> 'DayjobLondon, United Kingdom'
21:48:54  INFO      scraper.main                    ✨ [78/100] Synchronized updates finalized for 'DayjobLondon, United Kingdom'
21:48:54  INFO      scraper.main                    🔄 [79/100] Processing Data Sweep -> 'ReplicasSan Francisco, CA, USA'
21:48:54  INFO      scraper.main                    ✨ [79/100] Synchronized updates finalized for 'ReplicasSan Francisco, CA, USA'
21:48:54  INFO      scraper.main                    🔄 [80/100] Processing Data Sweep -> 'HedgeSan Francisco, CA, USA'
21:48:54  INFO      scraper.main                    ✨ [80/100] Synchronized updates finalized for 'HedgeSan Francisco, CA, USA'
21:48:55  INFO      scraper.main                    🔄 [81/100] Processing Data Sweep -> 'CardinalSan Francisco, CA, USA'
21:48:55  INFO      scraper.main                    ✨ [81/100] Synchronized updates finalized for 'CardinalSan Francisco, CA, USA'
21:48:55  INFO      scraper.main                    🔄 [82/100] Processing Data Sweep -> 'WaycoNew York City, NY, USA'
21:48:55  INFO      scraper.main                    ✨ [82/100] Synchronized updates finalized for 'WaycoNew York City, NY, USA'
21:48:55  INFO      scraper.main                    🔄 [83/100] Processing Data Sweep -> 'BloomSan Francisco, CA, USA'
21:48:55  INFO      scraper.main                    ✨ [83/100] Synchronized updates finalized for 'BloomSan Francisco, CA, USA'
21:48:55  INFO      scraper.main                    🔄 [84/100] Processing Data Sweep -> 'Aurorin CADSan Francisco, CA, USA'
21:48:55  INFO      scraper.main                    ✨ [84/100] Synchronized updates finalized for 'Aurorin CADSan Francisco, CA, USA'
21:48:55  INFO      scraper.main                    🔄 [85/100] Processing Data Sweep -> 'GrazeMateSydney, NSW, Australia'
21:48:55  INFO      scraper.main                    ✨ [85/100] Synchronized updates finalized for 'GrazeMateSydney, NSW, Australia'
21:48:55  INFO      scraper.main                    🔄 [86/100] Processing Data Sweep -> 'Librar Labs'
21:48:55  INFO      scraper.main                    ✨ [86/100] Synchronized updates finalized for 'Librar Labs'
21:48:55  INFO      scraper.main                    🔄 [87/100] Processing Data Sweep -> 'ZymblyLondon, United Kingdom'
21:48:55  INFO      scraper.main                    ✨ [87/100] Synchronized updates finalized for 'ZymblyLondon, United Kingdom'
21:48:55  INFO      scraper.main                    🔄 [88/100] Processing Data Sweep -> 'VOYGRSan Francisco, CA, USA'
21:48:55  INFO      scraper.main                    ✨ [88/100] Synchronized updates finalized for 'VOYGRSan Francisco, CA, USA'
21:48:55  INFO      scraper.main                    🔄 [89/100] Processing Data Sweep -> 'MochaCareSan Francisco, CA, USA'
21:48:55  INFO      scraper.main                    ✨ [89/100] Synchronized updates finalized for 'MochaCareSan Francisco, CA, USA'
21:48:55  INFO      scraper.main                    🔄 [90/100] Processing Data Sweep -> 'VelaSan Francisco, CA, USA'
21:48:55  INFO      scraper.main                    ✨ [90/100] Synchronized updates finalized for 'VelaSan Francisco, CA, USA'
21:48:55  INFO      scraper.main                    🔄 [91/100] Processing Data Sweep -> 'TsentaSan Francisco, CA, USA'
21:48:55  INFO      scraper.main                    ✨ [91/100] Synchronized updates finalized for 'TsentaSan Francisco, CA, USA'
21:48:55  INFO      scraper.main                    🔄 [92/100] Processing Data Sweep -> 'ForemanSan Francisco, CA, USA'
21:48:55  INFO      scraper.main                    ✨ [92/100] Synchronized updates finalized for 'ForemanSan Francisco, CA, USA'
21:48:55  INFO      scraper.main                    🔄 [93/100] Processing Data Sweep -> 'BookoSan Francisco, CA, USA'
21:48:55  INFO      scraper.main                    ✨ [93/100] Synchronized updates finalized for 'BookoSan Francisco, CA, USA'
21:48:55  INFO      scraper.main                    🔄 [94/100] Processing Data Sweep -> 'General Legal'
21:48:55  INFO      scraper.main                    ✨ [94/100] Synchronized updates finalized for 'General Legal'
21:48:55  INFO      scraper.main                    🔄 [95/100] Processing Data Sweep -> 'FortSan Francisco, CA, USA'
21:48:55  INFO      scraper.main                    ✨ [95/100] Synchronized updates finalized for 'FortSan Francisco, CA, USA'
21:48:55  INFO      scraper.main                    🔄 [96/100] Processing Data Sweep -> 'BalanceLondon, United Kingdom'
21:48:55  INFO      scraper.main                    ✨ [96/100] Synchronized updates finalized for 'BalanceLondon, United Kingdom'
21:48:55  INFO      scraper.main                    🔄 [97/100] Processing Data Sweep -> 'ChasiSan Francisco, CA, USA'
21:48:55  INFO      scraper.main                    ✨ [97/100] Synchronized updates finalized for 'ChasiSan Francisco, CA, USA'
21:48:55  INFO      scraper.main                    🔄 [98/100] Processing Data Sweep -> 'SupersetSan Francisco, CA, USA'
21:48:55  INFO      scraper.main                    ✨ [98/100] Synchronized updates finalized for 'SupersetSan Francisco, CA, USA'
21:48:55  INFO      scraper.main                    🔄 [99/100] Processing Data Sweep -> 'PolymathSan Francisco, CA, USA'
21:48:55  INFO      scraper.main                    ✨ [99/100] Synchronized updates finalized for 'PolymathSan Francisco, CA, USA'
21:48:55  INFO      scraper.main                    🔄 [100/100] Processing Data Sweep -> 'PocketSan Francisco, CA, USA'
21:48:55  INFO      scraper.main                    ✨ [100/100] Synchronized updates finalized for 'PocketSan Francisco, CA, USA'
21:48:55  INFO      scraper.main                    🔒 Playwright orchestration workspace torn down cleanly.
21:48:55  INFO      scraper.main                    扫 Commencing post-processing data validation and consolidation...
21:48:55  INFO      scraper.data_exporter           [STEP 4] Validating 100 records …
21:48:55  INFO      scraper.data_exporter             After dedup → 100 companies
21:48:55  INFO      scraper.main                    📊 Formatting corporate documentation models...
21:48:55  INFO      scraper.data_exporter             Excel → C:\Users\ajitk\OneDrive\Desktop\talent_intelligence_project_2\output\companies.xlsx
21:48:55  INFO      scraper.data_exporter             JSON  → C:\Users\ajitk\OneDrive\Desktop\talent_intelligence_project_2\output\companies.json
21:48:55  INFO      scraper.main                    🎉 System Pipeline Processing Run Completed Successfully!
